<?xml version="1.0" encoding="UTF-8"?>
<testsuite xmlns:xsi="http://www.w3.org/2001/XMLSchema-instance" xsi:noNamespaceSchemaLocation="https://maven.apache.org/surefire/maven-surefire-plugin/xsd/surefire-test-report.xsd" name="com.contamagica.TesteContaMagica" time="0.025" tests="9" errors="0" skipped="0" failures="0">
  <properties>
[...]
</properties>
  <testcase name="verificaOperacaoDepositoNegativa" classname="com.contamagica.TesteContaMagica" time="0.008"/>
  <testcase name="verificaAcrescimoSaldoGold" classname="com.contamagica.TesteContaMagica" time="0.001"/>
  <testcase name="verificaCategoriaGold" classname="com.contamagica.TesteContaMagica" time="0.001"/>
  <testcase name="verificaAcrescimoSaldoPlatinum" classname="com.contamagica.TesteContaMagica" time="0.001"/>
  <testcase name="verificaOperacaoRetiradaNegativa" classname="com.contamagica.TesteContaMagica" time="0.001"/>
  <testcase name="verificaAcrescimoSaldoSilver" classname="com.contamagica.TesteContaMagica" time="0"/>
  <testcase name="verificaSaldoNegativo" classname="com.contamagica.TesteContaMagica" time="0.001"/>
  <testcase name="verificaCategoriaSilver" classname="com.contamagica.TesteContaMagica" time="0"/>
  <testcase name="verificaCategoriaPlatinum" classname="com.contamagica.TesteContaMagica" time="0"/>
</testsuite>